<?xml version="1.0" encoding="UTF-8"?>
<testsuite xmlns:xsi="http://www.w3.org/2001/XMLSchema-instance" xsi:noNamespaceSchemaLocation="https://maven.apache.org/surefire/maven-surefire-plugin/xsd/surefire-test-report-3.0.xsd" version="3.0" name="com.ibk.antifraude.AntifraudeApplicationTests" time="1.364" tests="1" errors="0" skipped="0" failures="0">
  <properties>
[...]
</properties>
  <testcase name="contextLoads" classname="com.ibk.antifraude.AntifraudeApplicationTests" time="0.372">
    <system-out><![CDATA[14:04:26.758 [main] INFO org.springframework.test.context.support.AnnotationConfigContextLoaderUtils -- Could not detect default configuration classes for test class [com.ibk.antifraude.AntifraudeApplicationTests]: AntifraudeApplicationTests does not declare any static, non-private, non-final, nested classes annotated with @Configuration.
14:04:26.800 [main] INFO org.springframework.boot.test.context.SpringBootTestContextBootstrapper -- Found @SpringBootConfiguration com.ibk.antifraude.AntifraudeApplication for test class com.ibk.antifraude.AntifraudeApplicationTests

  .   ____          _            __ _ _
 /\\ / ___'_ __ _ _(_)_ __  __ _ \ \ \ \
( ( )\___ | '_ | '_| | '_ \/ _` | \ \ \ \
 \\/  ___)| |_)| | | | | || (_| |  ) ) ) )
  '  |____| .__|_| |_|_| |_\__, | / / / /
 =========|_|==============|___/=/_/_/_/

 :: Spring Boot ::                (v3.3.1)

2024-07-18T14:04:26.954-06:00  INFO 13739 --- [antifraude] [           main] c.i.a.AntifraudeApplicationTests         : Starting AntifraudeApplicationTests using Java 17.0.10 with PID 13739 (started by jpachecc in /Users/jpachecc/Documents/IBK/java-code-challenge)
2024-07-18T14:04:26.954-06:00  INFO 13739 --- [antifraude] [           main] c.i.a.AntifraudeApplicationTests         : No active profile set, falling back to 1 default profile: "default"
2024-07-18T14:04:27.176-06:00  INFO 13739 --- [antifraude] [           main] .s.d.r.c.RepositoryConfigurationDelegate : Bootstrapping Spring Data R2DBC repositories in DEFAULT mode.
2024-07-18T14:04:27.229-06:00  INFO 13739 --- [antifraude] [           main] .s.d.r.c.RepositoryConfigurationDelegate : Finished Spring Data repository scanning in 52 ms. Found 1 R2DBC repository interface.
2024-07-18T14:04:27.666-06:00  INFO 13739 --- [antifraude] [           main] c.i.a.AntifraudeApplicationTests         : Started AntifraudeApplicationTests in 0.817 seconds (process running for 1.218)
]]></system-out>
  </testcase>
</testsuite>